<?xml version="1.0" encoding="UTF-8"?>
<!-- Generated by org.testng.reporters.JUnitReportReporter -->
<testsuite hostname="DESKTOP-RK5KGC6" failures="0" tests="1" name="cromaTestPkg.cromaTest" time="2.711" errors="0" timestamp="2023-11-11T06:25:08 IST" skipped="0">
  <testcase classname="cromaTestPkg.cromaTest" name="test" time="2.711"/>
  <system-out/>
</testsuite> <!-- cromaTestPkg.cromaTest -->
