<?xml version="1.0" encoding="UTF-8"?>
<!-- Generated by org.testng.reporters.JUnitReportReporter -->
<testsuite hostname="DESKTOP-RK5KGC6" failures="0" tests="1" name="ottoTestPkg.OttoTest" time="37.044" errors="0" timestamp="2023-11-12T22:57:21 IST" skipped="0">
  <testcase classname="ottoTestPkg.OttoTest" name="test" time="37.044"/>
  <system-out/>
</testsuite> <!-- ottoTestPkg.OttoTest -->
